TN:
SF:src/Magic/cardmanager.ts
FN:21,<instance_members_initializer>
FN:27,CardCollection
FN:39,getColor
FN:63,loadc
FN:72,addCard
FN:95,updateCard
FN:114,removeCard
FN:142,listCards
FN:174,readCard
FN:203,findCardById
FNF:10
FNH:9
FNDA:6,<instance_members_initializer>
FNDA:6,CardCollection
FNDA:3,getColor
FNDA:6,loadc
FNDA:5,addCard
FNDA:1,updateCard
FNDA:2,removeCard
FNDA:1,listCards
FNDA:1,readCard
FNDA:0,findCardById
DA:1,1
DA:2,1
DA:3,1
DA:4,1
DA:5,1
DA:6,1
DA:7,1
DA:8,1
DA:9,1
DA:10,1
DA:11,1
DA:12,1
DA:13,1
DA:14,1
DA:15,1
DA:16,1
DA:17,1
DA:18,1
DA:19,1
DA:20,1
DA:21,1
DA:22,6
DA:23,6
DA:24,6
DA:25,6
DA:26,6
DA:27,6
DA:28,6
DA:29,6
DA:30,6
DA:31,6
DA:32,6
DA:33,6
DA:34,6
DA:35,6
DA:36,6
DA:37,6
DA:38,6
DA:39,6
DA:40,3
DA:41,3
DA:42,0
DA:43,3
DA:44,2
DA:45,3
DA:46,0
DA:47,3
DA:48,1
DA:49,3
DA:50,0
DA:51,3
DA:52,0
DA:53,3
DA:54,0
DA:55,3
DA:56,0
DA:57,3
DA:58,3
DA:59,6
DA:60,6
DA:61,6
DA:62,6
DA:63,6
DA:64,6
DA:65,6
DA:66,6
DA:67,6
DA:68,6
DA:69,6
DA:70,6
DA:71,6
DA:72,6
DA:73,5
DA:74,0
DA:75,0
DA:76,0
DA:77,5
DA:78,5
DA:79,1
DA:80,1
DA:81,1
DA:82,4
DA:83,4
DA:84,4
DA:85,4
DA:86,4
DA:87,4
DA:88,6
DA:89,6
DA:90,6
DA:91,6
DA:92,6
DA:93,6
DA:94,6
DA:95,6
DA:96,1
DA:97,1
DA:98,1
DA:99,1
DA:100,1
DA:101,1
DA:102,1
DA:103,0
DA:104,0
DA:105,0
DA:106,1
DA:107,6
DA:108,6
DA:109,6
DA:110,6
DA:111,6
DA:112,6
DA:113,6
DA:114,6
DA:115,2
DA:116,2
DA:117,2
DA:118,2
DA:119,2
DA:120,0
DA:121,0
DA:122,0
DA:123,2
DA:124,2
DA:125,2
DA:126,2
DA:127,2
DA:128,2
DA:129,2
DA:130,2
DA:131,2
DA:132,2
DA:133,0
DA:134,0
DA:135,0
DA:136,6
DA:137,6
DA:138,6
DA:139,6
DA:140,6
DA:141,6
DA:142,6
DA:143,1
DA:144,1
DA:145,1
DA:146,2
DA:147,2
DA:148,2
DA:149,2
DA:150,2
DA:151,2
DA:152,2
DA:153,2
DA:154,2
DA:155,2
DA:156,1
DA:157,1
DA:158,1
DA:159,0
DA:160,0
DA:161,2
DA:162,2
DA:163,2
DA:164,1
DA:165,1
DA:166,1
DA:167,6
DA:168,6
DA:169,6
DA:170,6
DA:171,6
DA:172,6
DA:173,6
DA:174,6
DA:175,1
DA:176,1
DA:177,1
DA:178,1
DA:179,1
DA:180,1
DA:181,1
DA:182,1
DA:183,1
DA:184,1
DA:185,1
DA:186,1
DA:187,1
DA:188,1
DA:189,1
DA:190,0
DA:191,0
DA:192,1
DA:193,0
DA:194,0
DA:195,1
DA:196,1
DA:197,1
DA:198,0
DA:199,0
DA:200,0
DA:201,1
DA:202,6
DA:203,6
DA:204,0
DA:205,0
DA:206,6
DA:207,6
DA:208,6
LF:208
LH:179
BRDA:21,0,0,6
BRDA:27,1,0,6
BRDA:39,2,0,3
BRDA:41,3,0,0
BRDA:43,4,0,2
BRDA:45,5,0,0
BRDA:47,6,0,1
BRDA:49,7,0,0
BRDA:51,8,0,0
BRDA:53,9,0,0
BRDA:55,10,0,0
BRDA:63,11,0,6
BRDA:72,12,0,5
BRDA:73,13,0,0
BRDA:78,14,0,1
BRDA:82,15,0,4
BRDA:78,16,0,2
BRDA:84,17,0,5
BRDA:95,18,0,1
BRDA:102,19,0,0
BRDA:96,20,0,1
BRDA:99,21,0,1
BRDA:114,22,0,2
BRDA:119,23,0,0
BRDA:133,24,0,0
BRDA:126,25,0,2
BRDA:142,26,0,1
BRDA:145,27,0,2
BRDA:155,28,0,1
BRDA:158,29,0,0
BRDA:174,30,0,1
BRDA:189,31,0,0
BRDA:192,32,0,0
BRDA:197,33,0,0
BRDA:175,34,0,1
BRF:35
BRH:21
end_of_record
TN:
SF:src/Magic/files.ts
FN:18,<instance_members_initializer>
FN:21,FileManager
FN:29,getUserDir
FN:38,getFilePath
FN:47,load
FN:65,save
FN:78,createDirectoryIfNotExists
FNF:7
FNH:7
FNDA:9,<instance_members_initializer>
FNDA:9,FileManager
FNDA:1,getUserDir
FNDA:10,getFilePath
FNDA:7,load
FNDA:8,save
FNDA:8,createDirectoryIfNotExists
DA:1,1
DA:2,1
DA:3,1
DA:4,1
DA:5,1
DA:6,1
DA:7,1
DA:8,1
DA:9,1
DA:10,1
DA:11,1
DA:12,1
DA:13,1
DA:14,1
DA:15,1
DA:16,1
DA:17,1
DA:18,1
DA:19,9
DA:20,9
DA:21,9
DA:22,9
DA:23,9
DA:24,9
DA:25,9
DA:26,9
DA:27,9
DA:28,9
DA:29,9
DA:30,1
DA:31,1
DA:32,9
DA:33,9
DA:34,9
DA:35,9
DA:36,9
DA:37,9
DA:38,9
DA:39,10
DA:40,10
DA:41,9
DA:42,9
DA:43,9
DA:44,9
DA:45,9
DA:46,9
DA:47,9
DA:48,7
DA:49,7
DA:50,6
DA:51,6
DA:52,3
DA:53,3
DA:54,3
DA:55,3
DA:56,6
DA:57,7
DA:58,7
DA:59,9
DA:60,9
DA:61,9
DA:62,9
DA:63,9
DA:64,9
DA:65,9
DA:66,8
DA:67,8
DA:68,8
DA:69,8
DA:70,8
DA:71,8
DA:72,9
DA:73,9
DA:74,9
DA:75,9
DA:76,9
DA:77,9
DA:78,9
DA:79,8
DA:80,2
DA:81,2
DA:82,8
DA:83,9
LF:83
LH:83
BRDA:18,0,0,9
BRDA:21,1,0,9
BRDA:29,2,0,1
BRDA:38,3,0,10
BRDA:47,4,0,7
BRDA:49,5,0,6
BRDA:51,6,0,3
BRDA:65,7,0,8
BRDA:78,8,0,8
BRDA:79,9,0,2
BRF:10
BRH:10
end_of_record
TN:
SF:src/Magic/Enums/color.ts
FNF:0
FNH:0
DA:1,1
DA:2,1
DA:3,1
DA:4,1
DA:5,1
DA:6,1
DA:7,1
DA:8,1
DA:9,1
DA:10,1
DA:11,1
DA:12,1
DA:13,1
DA:14,1
DA:15,1
LF:15
LH:15
BRDA:7,0,0,1
BRF:1
BRH:1
end_of_record
TN:
SF:src/Magic/Enums/linetype.ts
FNF:0
FNH:0
DA:1,1
DA:2,1
DA:3,1
DA:4,1
DA:5,1
DA:6,1
DA:7,1
DA:8,1
DA:9,1
DA:10,1
DA:11,1
DA:12,1
DA:13,1
DA:14,1
DA:15,1
LF:15
LH:15
BRDA:7,0,0,1
BRF:1
BRH:1
end_of_record
TN:
SF:src/Magic/Enums/rarity.ts
FNF:0
FNH:0
DA:1,1
DA:2,1
DA:3,1
DA:4,1
DA:5,1
DA:6,1
DA:7,1
DA:8,1
DA:9,1
DA:10,1
DA:11,1
DA:12,1
LF:12
LH:12
BRDA:7,0,0,1
BRF:1
BRH:1
end_of_record
