TN:
SF:src/Magic/cardmanager.ts
FN:20,<instance_members_initializer>
FN:26,CardCollection
FN:38,getColor
FN:62,loadc
FN:71,addCard
FN:94,updateCard
FN:111,removeCard
FN:130,listCards
FN:160,readCard
FNF:9
FNH:9
FNDA:6,<instance_members_initializer>
FNDA:6,CardCollection
FNDA:3,getColor
FNDA:6,loadc
FNDA:5,addCard
FNDA:1,updateCard
FNDA:2,removeCard
FNDA:1,listCards
FNDA:1,readCard
DA:1,1
DA:2,1
DA:3,1
DA:4,1
DA:5,1
DA:6,1
DA:7,1
DA:8,1
DA:9,1
DA:10,1
DA:11,1
DA:12,1
DA:13,1
DA:14,1
DA:15,1
DA:16,1
DA:17,1
DA:18,1
DA:19,1
DA:20,1
DA:21,6
DA:22,6
DA:23,6
DA:24,6
DA:25,6
DA:26,6
DA:27,6
DA:28,6
DA:29,6
DA:30,6
DA:31,6
DA:32,6
DA:33,6
DA:34,6
DA:35,6
DA:36,6
DA:37,6
DA:38,6
DA:39,3
DA:40,3
DA:41,0
DA:42,3
DA:43,2
DA:44,3
DA:45,0
DA:46,3
DA:47,1
DA:48,3
DA:49,0
DA:50,3
DA:51,0
DA:52,3
DA:53,0
DA:54,3
DA:55,0
DA:56,3
DA:57,3
DA:58,6
DA:59,6
DA:60,6
DA:61,6
DA:62,6
DA:63,6
DA:64,6
DA:65,6
DA:66,6
DA:67,6
DA:68,6
DA:69,6
DA:70,6
DA:71,6
DA:72,5
DA:73,0
DA:74,0
DA:75,0
DA:76,5
DA:77,5
DA:78,1
DA:79,1
DA:80,1
DA:81,4
DA:82,4
DA:83,4
DA:84,4
DA:85,4
DA:86,4
DA:87,6
DA:88,6
DA:89,6
DA:90,6
DA:91,6
DA:92,6
DA:93,6
DA:94,6
DA:95,1
DA:96,1
DA:97,1
DA:98,1
DA:99,1
DA:100,1
DA:101,0
DA:102,0
DA:103,1
DA:104,6
DA:105,6
DA:106,6
DA:107,6
DA:108,6
DA:109,6
DA:110,6
DA:111,6
DA:112,2
DA:113,2
DA:114,2
DA:115,2
DA:116,2
DA:117,0
DA:118,0
DA:119,2
DA:120,2
DA:121,2
DA:122,2
DA:123,2
DA:124,6
DA:125,6
DA:126,6
DA:127,6
DA:128,6
DA:129,6
DA:130,6
DA:131,1
DA:132,1
DA:133,1
DA:134,2
DA:135,2
DA:136,2
DA:137,2
DA:138,2
DA:139,2
DA:140,2
DA:141,2
DA:142,2
DA:143,2
DA:144,1
DA:145,1
DA:146,1
DA:147,0
DA:148,0
DA:149,2
DA:150,2
DA:151,1
DA:152,1
DA:153,6
DA:154,6
DA:155,6
DA:156,6
DA:157,6
DA:158,6
DA:159,6
DA:160,6
DA:161,1
DA:162,1
DA:163,1
DA:164,1
DA:165,1
DA:166,1
DA:167,1
DA:168,1
DA:169,1
DA:170,1
DA:171,1
DA:172,1
DA:173,1
DA:174,1
DA:175,0
DA:176,0
DA:177,1
DA:178,0
DA:179,0
DA:180,1
DA:181,0
DA:182,0
DA:183,1
DA:184,6
DA:185,6
DA:186,6
LF:186
LH:165
BRDA:20,0,0,6
BRDA:26,1,0,6
BRDA:38,2,0,3
BRDA:40,3,0,0
BRDA:42,4,0,2
BRDA:44,5,0,0
BRDA:46,6,0,1
BRDA:48,7,0,0
BRDA:50,8,0,0
BRDA:52,9,0,0
BRDA:54,10,0,0
BRDA:62,11,0,6
BRDA:71,12,0,5
BRDA:72,13,0,0
BRDA:77,14,0,1
BRDA:81,15,0,4
BRDA:77,16,0,2
BRDA:83,17,0,5
BRDA:94,18,0,1
BRDA:100,19,0,0
BRDA:95,20,0,1
BRDA:98,21,0,1
BRDA:111,22,0,2
BRDA:116,23,0,0
BRDA:120,24,0,2
BRDA:130,25,0,1
BRDA:133,26,0,2
BRDA:143,27,0,1
BRDA:146,28,0,0
BRDA:160,29,0,1
BRDA:174,30,0,0
BRDA:177,31,0,0
BRDA:180,32,0,0
BRDA:161,33,0,1
BRF:34
BRH:21
end_of_record
TN:
SF:src/Magic/files.ts
FN:17,<instance_members_initializer>
FN:20,FileManager
FN:28,getUserDir
FN:37,getFilePath
FN:46,load
FN:64,save
FN:77,createDirectoryIfNotExists
FNF:7
FNH:7
FNDA:9,<instance_members_initializer>
FNDA:9,FileManager
FNDA:1,getUserDir
FNDA:10,getFilePath
FNDA:7,load
FNDA:8,save
FNDA:8,createDirectoryIfNotExists
DA:1,1
DA:2,1
DA:3,1
DA:4,1
DA:5,1
DA:6,1
DA:7,1
DA:8,1
DA:9,1
DA:10,1
DA:11,1
DA:12,1
DA:13,1
DA:14,1
DA:15,1
DA:16,1
DA:17,1
DA:18,9
DA:19,9
DA:20,9
DA:21,9
DA:22,9
DA:23,9
DA:24,9
DA:25,9
DA:26,9
DA:27,9
DA:28,9
DA:29,1
DA:30,1
DA:31,9
DA:32,9
DA:33,9
DA:34,9
DA:35,9
DA:36,9
DA:37,9
DA:38,10
DA:39,10
DA:40,9
DA:41,9
DA:42,9
DA:43,9
DA:44,9
DA:45,9
DA:46,9
DA:47,7
DA:48,7
DA:49,6
DA:50,6
DA:51,3
DA:52,3
DA:53,3
DA:54,3
DA:55,6
DA:56,7
DA:57,7
DA:58,9
DA:59,9
DA:60,9
DA:61,9
DA:62,9
DA:63,9
DA:64,9
DA:65,8
DA:66,8
DA:67,8
DA:68,8
DA:69,8
DA:70,8
DA:71,9
DA:72,9
DA:73,9
DA:74,9
DA:75,9
DA:76,9
DA:77,9
DA:78,8
DA:79,2
DA:80,2
DA:81,8
DA:82,9
LF:82
LH:82
BRDA:17,0,0,9
BRDA:20,1,0,9
BRDA:28,2,0,1
BRDA:37,3,0,10
BRDA:46,4,0,7
BRDA:48,5,0,6
BRDA:50,6,0,3
BRDA:64,7,0,8
BRDA:77,8,0,8
BRDA:78,9,0,2
BRF:10
BRH:10
end_of_record
TN:
SF:src/Magic/Enums/color.ts
FNF:0
FNH:0
DA:1,1
DA:2,1
DA:3,1
DA:4,1
DA:5,1
DA:6,1
DA:7,1
DA:8,1
DA:9,1
DA:10,1
DA:11,1
DA:12,1
DA:13,1
DA:14,1
LF:14
LH:14
BRDA:6,0,0,1
BRF:1
BRH:1
end_of_record
TN:
SF:src/Magic/Enums/linetype.ts
FNF:0
FNH:0
DA:1,1
DA:2,1
DA:3,1
DA:4,1
DA:5,1
DA:6,1
DA:7,1
DA:8,1
DA:9,1
DA:10,1
DA:11,1
DA:12,1
DA:13,1
DA:14,1
LF:14
LH:14
BRDA:6,0,0,1
BRF:1
BRH:1
end_of_record
TN:
SF:src/Magic/Enums/rarity.ts
FNF:0
FNH:0
DA:1,1
DA:2,1
DA:3,1
DA:4,1
DA:5,1
DA:6,1
DA:7,1
DA:8,1
DA:9,1
DA:10,1
DA:11,1
LF:11
LH:11
BRDA:6,0,0,1
BRF:1
BRH:1
end_of_record
TN:
SF:src/Modificacion/mod.ts
FN:24,procesar
FN:37,leerArchivo
FN:47,parsearDatos
FN:65,extraerBeneficiosYPesos
FN:79,leerArchivo
FN:90,parsearDatos
FN:102,extraerBeneficiosYPesos
FNF:7
FNH:7
FNDA:4,procesar
FNDA:2,leerArchivo
FNDA:2,parsearDatos
FNDA:2,extraerBeneficiosYPesos
FNDA:2,leerArchivo
FNDA:2,parsearDatos
FNDA:2,extraerBeneficiosYPesos
DA:1,1
DA:2,1
DA:3,1
DA:4,1
DA:5,1
DA:6,1
DA:7,1
DA:8,1
DA:9,1
DA:10,1
DA:11,1
DA:12,1
DA:13,1
DA:14,1
DA:15,1
DA:16,1
DA:17,1
DA:18,1
DA:19,1
DA:20,1
DA:21,1
DA:22,1
DA:23,1
DA:24,1
DA:25,4
DA:26,4
DA:27,4
DA:28,4
DA:29,4
DA:30,1
DA:31,1
DA:32,1
DA:33,1
DA:34,1
DA:35,1
DA:36,1
DA:37,1
DA:38,2
DA:39,2
DA:40,2
DA:41,1
DA:42,1
DA:43,1
DA:44,1
DA:45,1
DA:46,1
DA:47,1
DA:48,2
DA:49,2
DA:50,2
DA:51,2
DA:52,2
DA:53,6
DA:54,6
DA:55,6
DA:56,2
DA:57,2
DA:58,2
DA:59,1
DA:60,1
DA:61,1
DA:62,1
DA:63,1
DA:64,1
DA:65,1
DA:66,2
DA:67,2
DA:68,2
DA:69,2
DA:70,1
DA:71,1
DA:72,1
DA:73,1
DA:74,1
DA:75,1
DA:76,1
DA:77,1
DA:78,1
DA:79,1
DA:80,2
DA:81,2
DA:82,2
DA:83,1
DA:84,1
DA:85,1
DA:86,1
DA:87,1
DA:88,1
DA:89,1
DA:90,1
DA:91,2
DA:92,2
DA:93,2
DA:94,2
DA:95,2
DA:96,1
DA:97,1
DA:98,1
DA:99,1
DA:100,1
DA:101,1
DA:102,1
DA:103,2
DA:104,2
DA:105,2
DA:106,2
DA:107,1
DA:108,1
DA:109,1
DA:110,1
DA:111,1
DA:112,1
DA:113,1
DA:114,1
DA:115,1
DA:116,1
DA:117,1
DA:118,1
DA:119,1
DA:120,1
LF:120
LH:120
BRDA:24,0,0,4
BRDA:37,1,0,2
BRDA:47,2,0,2
BRDA:52,3,0,6
BRDA:65,4,0,2
BRDA:66,5,0,6
BRDA:67,6,0,6
BRDA:79,7,0,2
BRDA:90,8,0,2
BRDA:102,9,0,2
BRDA:103,10,0,6
BRDA:104,11,0,6
BRF:12
BRH:12
end_of_record
